<?xml version="1.0" encoding="UTF-8"?>
<!-- Generated by org.testng.reporters.JUnitXMLReporter -->
<testsuite ignored="0" hostname="WUST" failures="0" tests="2" name="Default test" time="6.342" errors="0" timestamp="2023-03-19T13:01:44 EDT">
  <testcase classname="com.automationcode_19thMar_2023.Facebook_Xpaths" name="clickOnCreateNewAccount" time="0.051"/>
  <testcase classname="com.automationcode_19thMar_2023.Facebook_Xpaths" name="createNewAccountDetailsPage" time="2.351"/>
</testsuite> <!-- Default test -->
