<?xml version="1.0" encoding="UTF-8"?>
<testng-results ignored="0" total="2" passed="2" failed="0" skipped="0">
  <reporter-output>
  </reporter-output>
  <suite started-at="2023-03-19T13:01:37 EDT" name="Default suite" finished-at="2023-03-19T13:01:44 EDT" duration-ms="6342">
    <groups>
    </groups>
    <test started-at="2023-03-19T13:01:37 EDT" name="Default test" finished-at="2023-03-19T13:01:44 EDT" duration-ms="6342">
      <class name="com.automationcode_19thMar_2023.Facebook_Xpaths">
        <test-method is-config="true" signature="openBrowser()[pri:0, instance:com.automationcode_19thMar_2023.Facebook_Xpaths@75437611]" started-at="2023-03-19T13:01:37 EDT" name="openBrowser" finished-at="2023-03-19T13:01:39 EDT" duration-ms="2285" status="PASS">
          <reporter-output>
          </reporter-output>
        </test-method> <!-- openBrowser -->
        <test-method signature="clickOnCreateNewAccount()[pri:1, instance:com.automationcode_19thMar_2023.Facebook_Xpaths@75437611]" started-at="2023-03-19T13:01:39 EDT" name="clickOnCreateNewAccount" finished-at="2023-03-19T13:01:40 EDT" duration-ms="51" status="PASS">
          <reporter-output>
          </reporter-output>
        </test-method> <!-- clickOnCreateNewAccount -->
        <test-method is-config="true" signature="tearDown()[pri:0, instance:com.automationcode_19thMar_2023.Facebook_Xpaths@75437611]" started-at="2023-03-19T13:01:40 EDT" name="tearDown" finished-at="2023-03-19T13:01:40 EDT" duration-ms="160" status="PASS">
          <reporter-output>
          </reporter-output>
        </test-method> <!-- tearDown -->
        <test-method is-config="true" signature="openBrowser()[pri:0, instance:com.automationcode_19thMar_2023.Facebook_Xpaths@75437611]" started-at="2023-03-19T13:01:40 EDT" name="openBrowser" finished-at="2023-03-19T13:01:41 EDT" duration-ms="1314" status="PASS">
          <reporter-output>
          </reporter-output>
        </test-method> <!-- openBrowser -->
        <test-method signature="createNewAccountDetailsPage()[pri:2, instance:com.automationcode_19thMar_2023.Facebook_Xpaths@75437611]" started-at="2023-03-19T13:01:41 EDT" name="createNewAccountDetailsPage" finished-at="2023-03-19T13:01:43 EDT" depends-on-methods="com.automationcode_19thMar_2023.Facebook_Xpaths.clickOnCreateNewAccount" duration-ms="2351" status="PASS">
          <reporter-output>
          </reporter-output>
        </test-method> <!-- createNewAccountDetailsPage -->
        <test-method is-config="true" signature="tearDown()[pri:0, instance:com.automationcode_19thMar_2023.Facebook_Xpaths@75437611]" started-at="2023-03-19T13:01:43 EDT" name="tearDown" finished-at="2023-03-19T13:01:44 EDT" duration-ms="154" status="PASS">
          <reporter-output>
          </reporter-output>
        </test-method> <!-- tearDown -->
      </class> <!-- com.automationcode_19thMar_2023.Facebook_Xpaths -->
    </test> <!-- Default test -->
  </suite> <!-- Default suite -->
</testng-results>
